<?xml version="1.0" encoding="UTF-8"?>
<testng-results ignored="0" total="2" passed="2" failed="0" skipped="0">
  <reporter-output>
  </reporter-output>
  <suite started-at="2021-08-01T19:30:08 NZST" name="Suite" finished-at="2021-08-01T19:30:20 NZST" duration-ms="12209">
    <groups>
      <group name="cucumber">
        <method signature="AbstractTestNGCucumberTests.runScenario(io.cucumber.testng.PickleWrapper,io.cucumber.testng.FeatureWrapper)[pri:0, instance:runners.RunCuke@6404f418]" name="runScenario" class="io.cucumber.testng.AbstractTestNGCucumberTests"/>
      </group> <!-- cucumber -->
    </groups>
    <test started-at="2021-08-01T19:30:08 NZST" name="Test" finished-at="2021-08-01T19:30:20 NZST" duration-ms="12209">
      <class name="runners.RunCuke">
        <test-method is-config="true" signature="setUpClass()[pri:0, instance:runners.RunCuke@6404f418]" started-at="2021-08-01T19:30:08 NZST" name="setUpClass" finished-at="2021-08-01T19:30:08 NZST" duration-ms="346" status="PASS">
          <reporter-output>
          </reporter-output>
        </test-method> <!-- setUpClass -->
        <test-method signature="runScenario(io.cucumber.testng.PickleWrapper,io.cucumber.testng.FeatureWrapper)[pri:0, instance:runners.RunCuke@6404f418]" started-at="2021-08-01T19:30:08 NZST" name="runScenario" description="Runs Cucumber Scenarios" data-provider="scenarios" finished-at="2021-08-01T19:30:16 NZST" duration-ms="8005" status="PASS">
          <params>
            <param index="0">
              <value>
                <![CDATA["Validate Rank of britannica.com on Literature Search Results Page"]]>
              </value>
            </param>
            <param index="1">
              <value>
                <![CDATA["Optional[Acceptance testing to validate britannica.com ranking position on Literature Google Search]"]]>
              </value>
            </param>
          </params>
          <reporter-output>
          </reporter-output>
        </test-method> <!-- runScenario -->
        <test-method signature="runScenario(io.cucumber.testng.PickleWrapper,io.cucumber.testng.FeatureWrapper)[pri:0, instance:runners.RunCuke@6404f418]" started-at="2021-08-01T19:30:16 NZST" name="runScenario" description="Runs Cucumber Scenarios" data-provider="scenarios" finished-at="2021-08-01T19:30:20 NZST" duration-ms="3749" status="PASS">
          <params>
            <param index="0">
              <value>
                <![CDATA["Validate first Rank of Wikipedia link"]]>
              </value>
            </param>
            <param index="1">
              <value>
                <![CDATA["Optional[Acceptance testing to validate Wikipedia is ranked top on Software Google Saerch]"]]>
              </value>
            </param>
          </params>
          <reporter-output>
          </reporter-output>
        </test-method> <!-- runScenario -->
        <test-method is-config="true" signature="tearDownClass()[pri:0, instance:runners.RunCuke@6404f418]" started-at="2021-08-01T19:30:20 NZST" name="tearDownClass" finished-at="2021-08-01T19:30:20 NZST" duration-ms="67" status="PASS">
          <reporter-output>
          </reporter-output>
        </test-method> <!-- tearDownClass -->
      </class> <!-- runners.RunCuke -->
    </test> <!-- Test -->
  </suite> <!-- Suite -->
</testng-results>
